
────────────────────────────────────────────────────────────────
  Sessions Assistant — Camera Stress Test
────────────────────────────────────────────────────────────────
[+0000000ms] INFO  Scenariusze: ['S01', 'S02', 'S03', 'S04', 'S05', 'S06', 'S07', 'S08', 'S09', 'S10', 'S11', 'S12']
[+0000000ms] INFO  gphoto2: 2.5.33
[+0000000ms] INFO  lv_seconds=30  save_dir=/tmp/stress_captures

────────────────────────────────────────────────────────────────
  Wstępna sonda USB
────────────────────────────────────────────────────────────────
[+0000012ms] INFO  [USB@start] lsusb: Bus 001 Device 119: ID 04a9:32e2 Canon, Inc. Canon Digital Camera
[+0000083ms] INFO  [USB@start] gp.detect (30.0ms): 1 aparat(ów) → Canon EOS RP
[+0000084ms] INFO  Wstępna detekcja...
[+0000084ms] INFO  connect: start
[+0000171ms] TIME    detect: 86.5ms
[+0000171ms] INFO    wykryto: "Canon EOS RP" @ usb:001,119
[+0000177ms] TIME    set_abilities+port_info: 6.0ms
[+0000212ms] TIME    camera.init(): 34.6ms
[+0000212ms] OK    connect OK
[+0000212ms] OK    Aparat: "Canon EOS RP"
[+0000212ms] INFO  safe_exit...
[+0000237ms] TIME    camera.exit(): 25.0ms
[+0000237ms] OK    safe_exit OK

────────────────────────────────────────────────────────────────
  START S01
────────────────────────────────────────────────────────────────

────────────────────────────────────────────────────────────────
  S01 — USB detection + init timing (5 prób)
────────────────────────────────────────────────────────────────
[+0000737ms] INFO  Próba 1/5:
[+0000737ms] INFO  connect: start
[+0000788ms] TIME    detect: 50.5ms
[+0000788ms] INFO    wykryto: "Canon EOS RP" @ usb:001,119
[+0000790ms] TIME    set_abilities+port_info: 1.8ms
[+0000811ms] TIME    camera.init(): 21.4ms
[+0000811ms] OK    connect OK
[+0000811ms] TIME    próba 1 TOTAL: 74.0ms
[+0000812ms] INFO  safe_exit...
[+0000836ms] TIME    camera.exit(): 24.5ms
[+0000836ms] OK    safe_exit OK
[+0001336ms] INFO  Próba 2/5:
[+0001337ms] INFO  connect: start
[+0001389ms] TIME    detect: 51.9ms
[+0001389ms] INFO    wykryto: "Canon EOS RP" @ usb:001,119
[+0001392ms] TIME    set_abilities+port_info: 3.0ms
[+0001423ms] TIME    camera.init(): 30.5ms
[+0001424ms] OK    connect OK
[+0001424ms] TIME    próba 2 TOTAL: 87.2ms
[+0001424ms] INFO  safe_exit...
[+0001447ms] TIME    camera.exit(): 23.2ms
[+0001447ms] OK    safe_exit OK
[+0001947ms] INFO  Próba 3/5:
[+0001948ms] INFO  connect: start
[+0001993ms] TIME    detect: 45.7ms
[+0001993ms] INFO    wykryto: "Canon EOS RP" @ usb:001,119
[+0001995ms] TIME    set_abilities+port_info: 1.8ms
[+0002016ms] TIME    camera.init(): 20.7ms
[+0002016ms] OK    connect OK
[+0002016ms] TIME    próba 3 TOTAL: 68.6ms
[+0002016ms] INFO  safe_exit...
[+0002040ms] TIME    camera.exit(): 24.1ms
[+0002040ms] OK    safe_exit OK
[+0002541ms] INFO  Próba 4/5:
[+0002541ms] INFO  connect: start
[+0002589ms] TIME    detect: 48.3ms
[+0002589ms] INFO    wykryto: "Canon EOS RP" @ usb:001,119
[+0002591ms] TIME    set_abilities+port_info: 2.1ms
[+0002618ms] TIME    camera.init(): 26.9ms
[+0002618ms] OK    connect OK
[+0002619ms] TIME    próba 4 TOTAL: 77.9ms
[+0002619ms] INFO  safe_exit...
[+0002645ms] TIME    camera.exit(): 26.6ms
[+0002646ms] OK    safe_exit OK
[+0003146ms] INFO  Próba 5/5:
[+0003146ms] INFO  connect: start
[+0003196ms] TIME    detect: 49.5ms
[+0003196ms] INFO    wykryto: "Canon EOS RP" @ usb:001,119
[+0003198ms] TIME    set_abilities+port_info: 1.7ms
[+0003217ms] TIME    camera.init(): 19.1ms
[+0003217ms] OK    connect OK
[+0003217ms] TIME    próba 5 TOTAL: 70.8ms
[+0003217ms] INFO  safe_exit...
[+0003240ms] TIME    camera.exit(): 23.3ms
[+0003240ms] OK    safe_exit OK
[+0003741ms] INFO  Statystyki [ms]: min=69  max=87  avg=76
[+0003741ms] TIME  S01 total: 3003.4ms
[+0003741ms] INFO  Pauza 2s po S01...
[+0005749ms] INFO  [USB@po S01] lsusb: Bus 001 Device 119: ID 04a9:32e2 Canon, Inc. Canon Digital Camera
[+0005799ms] INFO  [USB@po S01] gp.detect (14.7ms): 1 aparat(ów) → Canon EOS RP

────────────────────────────────────────────────────────────────
  START S02
────────────────────────────────────────────────────────────────

────────────────────────────────────────────────────────────────
  S02 — Pełny dump konfiguracji aparatu
────────────────────────────────────────────────────────────────
[+0005799ms] INFO  connect: start
[+0005847ms] TIME    detect: 47.8ms
[+0005847ms] INFO    wykryto: "Canon EOS RP" @ usb:001,119
[+0005849ms] TIME    set_abilities+port_info: 1.9ms
[+0005863ms] TIME    camera.init(): 14.3ms
[+0005863ms] OK    connect OK
[+0005964ms] TIME    get_config(): 100.9ms
[+0005965ms] main [Camera and Driver Configuration] = "<no_value>"
[+0005965ms]   actions [Camera Actions] = "<no_value>"
[+0005966ms]     syncdatetimeutc [Synchronize camera date and time with PC (UTC)] = "0"
[+0005966ms]     syncdatetime [Synchronize camera date and time with PC] = "0"
[+0005966ms]     uilock [UI Lock] = "2"
[+0005966ms]     popupflash [Popup Flash] = "2"
[+0005966ms]     autofocusdrive [Drive Canon DSLR Autofocus] = "0"
[+0005966ms]     manualfocusdrive [Drive Canon DSLR Manual focus] = "None"  choices=['Near 1', 'Near 2', 'Near 3', 'None', 'Far 1']…
[+0005966ms]     cancelautofocus [Cancel Canon DSLR Autofocus] = "0"
[+0005966ms]     eoszoom [Canon EOS Zoom] = "0"
[+0005967ms]     eoszoomposition [Canon EOS Zoom Position] = "0,0"
[+0005967ms]     viewfinder [Canon EOS Viewfinder] = "0"
[+0005967ms]     eosremoterelease [Canon EOS Remote Release] = "None"  choices=['None', 'Press Half', 'Press Full', 'Release Half', 'Release Full']…
[+0005968ms]     eosmoviemode [Movie Mode] = "2"
[+0005968ms]     opcode [PTP Opcode] = "0x1001,0xparam1,0xparam2"
[+0005968ms]   settings [Camera Settings] = "<no_value>"
[+0005968ms]     datetimeutc [Camera Date and Time] = "1771548430"
[+0005968ms]     datetime [Camera Date and Time] = "1771548430"
[+0005968ms]     output [Camera Output] = "PC"  choices=['Off', 'TFT', 'PC', 'TFT + PC', 'MOBILE']…
[+0005968ms]     movierecordtarget [Recording Destination] = "SDRAM"  choices=['Card', 'None', 'SDRAM']
[+0005968ms]     evfmode [EVF Mode] = "1"  choices=['1']
[+0005969ms]     ownername [Owner Name] = ""
[+0005969ms]     artist [Artist] = ""
[+0005969ms]     copyright [Copyright] = ""
[+0005969ms]     nickname [Nickname] = "EOSRP"
[+0005969ms]     customfuncex [Custom Functions Ex] = "20,1,6,14,1,102,1,0,"
[+0005969ms]     focusarea [Focus Area] = "100947799"
[+0005969ms]     strobofiring [Strobo Firing] = "1"  choices=['0', '1'] [RO]
[+0005969ms]     flashcharged [Flash Charging State] = "0" [RO]
[+0005969ms]     oneshotrawon [One Shot Raw On] = "0" [RO]
[+0005970ms]     autopoweroff [Auto Power Off] = "0"  choices=['30', '60', '180', '300', '600']…
[+0005970ms]     depthoffield [Depth of Field] = "0"
[+0005970ms]     capturetarget [Capture Target] = "Memory card"  choices=['Internal RAM', 'Memory card']
[+0005970ms]     capture [Capture] = "0"
[+0005971ms]     remotemode [Remote Mode] = "0"
[+0005971ms]     eventmode [Event Mode] = "0"
[+0005972ms]     testolc [Test OLC] = "2"
[+0005972ms]   status [Camera Status Information] = "<no_value>"
[+0005972ms]     serialnumber [Serial Number] = "92532eba25194e009102af5a6f88022f" [RO]
[+0005972ms]     manufacturer [Camera Manufacturer] = "Canon.Inc" [RO]
[+0005972ms]     cameramodel [Camera Model] = "Canon EOS RP" [RO]
[+0005972ms]     deviceversion [Device Version] = "3-1.6.3" [RO]
[+0005973ms]     vendorextension [Vendor Extension] = "" [RO]
[+0005973ms]     model [Camera Model] = "2147484723" [RO]
[+0005973ms]     batterylevel [Battery Level] = "100%" [RO]
[+0005973ms]     batterylevel [Battery Level] = "100%" [RO]
[+0005973ms]     mirrorlockstatus [Mirror Lock Status] = "0" [RO]
[+0005973ms]     mirrordownstatus [Mirror Down Status] = "0" [RO]
[+0005973ms]     lensname [Lens Name] = "EF16-35mm f/2.8L II USM" [RO]
[+0005973ms]     eosserialnumber [Serial Number] = "643021003493" [RO]
[+0005973ms]     availableshots [Available Shots] = "11609" [RO]
[+0005973ms]     eosmovieswitch [Movie Switch] = "0" [RO]
[+0005974ms]   imgsettings [Image Settings] = "<no_value>"
[+0005974ms]     imageformat [Image Format] = "M"  choices=['L', 'cL', 'M', 'cM', 'S1']…
[+0005974ms]     imageformatsd [Image Format SD] = "M"  choices=['L', 'cL', 'M', 'cM', 'S1']…
[+0005974ms]     imageformatcf [Image Format CF] = "M"  choices=['L', 'cL', 'M', 'cM', 'S1']…
[+0005975ms]     iso [ISO Speed] = "Auto"  choices=['Auto', '100', '125', '160', '200']…
[+0005975ms]     whitebalance [WhiteBalance] = "Color Temperature"  choices=['Auto', 'AWB White', 'Daylight', 'Shadow', 'Cloudy']…
[+0005976ms]     colortemperature [Color Temperature] = "2600"  choices=['2500', '2600', '2700', '2800', '2900']…
[+0005976ms]     whitebalanceadjusta [WhiteBalance Adjust A] = "0"  choices=['-9', '-8', '-7', '-6', '-5']…
[+0005976ms]     whitebalanceadjustb [WhiteBalance Adjust B] = "0"  choices=['-9', '-8', '-7', '-6', '-5']…
[+0005976ms]     whitebalancexa [WhiteBalance X A] = "0"  choices=['0', '1', '2', '3'] [RO]
[+0005976ms]     whitebalancexb [WhiteBalance X B] = "0"  choices=['0', '1', '2', '3'] [RO]
[+0005976ms]     colorspace [Color Space] = "sRGB"  choices=['sRGB', 'AdobeRGB']
[+0005977ms]   capturesettings [Capture Settings] = "<no_value>"
[+0005977ms]     zoomspeed [Zoom Speed] = "0"
[+0005977ms]     exposurecompensation [Exposure Compensation] = "0"  choices=['-3', '-2.6', '-2.3', '-2', '-1.6']…
[+0005977ms]     focusmode [Focus Mode] = "One Shot"  choices=['One Shot']
[+0005977ms]     continuousaf [Continuous AF] = "On"  choices=['Off', 'On']
[+0005977ms]     aspectratio [Aspect Ratio] = "3:2"  choices=['3:2', '1.6x', '1:1', '4:3', '16:9']
[+0005977ms]     afmethod [AF Method] = "LiveFace"  choices=['LiveFace', 'LiveSpotAF', 'Live', 'LiveSingleExpandCross', 'LiveSingleExpandSurround']…
[+0005977ms]     storageid [Storage Device] = "00020001"
[+0005977ms]     highisonr [High ISO Noise Reduction] = "Off"  choices=['High', 'Low', 'Off', 'Normal', 'Multi-Shot']
[+0005977ms]     autoexposuremode [Canon Auto Exposure Mode] = "Fv"  choices=['P', 'TV', 'AV', 'Manual', 'Bulb']…
[+0005977ms]     autoexposuremodedial [Canon Auto Exposure Mode Dial] = "Fv"  choices=['P', 'TV', 'AV', 'Manual', 'Bulb']…
[+0005977ms]     drivemode [Drive Mode] = "Single"  choices=['Single', 'Continuous high speed', 'Continuous low speed', 'Timer 10 sec', 'Timer 2 sec']…
[+0005977ms]     picturestyle [Picture Style] = "Landscape"  choices=['Auto', 'Standard', 'Portrait', 'Landscape', 'Fine detail']…
[+0005978ms]     aperture [Aperture] = "Unknown value 00ff"  choices=['Unknown value 00ff', '2.8', '3.2', '3.5', '4']…
[+0005978ms]     shutterspeed [Shutter Speed] = "bulb"  choices=['bulb', '30', '25', '20', '15']…
[+0005978ms]     meteringmode [Metering Mode] = "Center-weighted average"  choices=['Evaluative', 'Partial', 'Spot', 'Center-weighted average']
[+0005978ms]     liveviewsize [Live View Size] = "Large"  choices=['Large', 'Medium', 'Small']
[+0005978ms]     bracketmode [Bracket Mode] = "Unknown value 0000"  choices=['Unknown value 0000']
[+0005979ms]     aeb [Auto Exposure Bracketing] = "off"  choices=['off', '+/- 1/3', '+/- 2/3', '+/- 1', '+/- 1 1/3']…
[+0005979ms]     alomode [Auto Lighting Optimization] = "x3"  choices=['x3', 'x1', 'Standard (disabled in manual exposure)', 'x2']
[+0005979ms]     movieservoaf [Movie Servo AF] = "Off"  choices=['Off']
[+0005979ms]   other [Other PTP Device Properties] = "<no_value>"
[+0005979ms]     d402 [Friendly Device Name] = "Canon EOS RP" [RO]
[+0005979ms]     d407 [Perceived Device Type] = "1" [RO]
[+0005979ms]     d406 [Session Initiator Info] = "Unknown Initiator"
[+0005979ms]     d303 [PTP Property 0xd303] = "1" [RO]
[+0005979ms]     5001 [Battery Level] = "100"  choices=['100', '0', '75', '50'] [RO]
[+0005979ms] INFO    łącznie: 90 parametrów
[+0005980ms] INFO  safe_exit...
[+0006256ms] TIME    camera.exit(): 276.5ms
[+0006256ms] OK    safe_exit OK
[+0006256ms] TIME  S02 total: 457.3ms
[+0006256ms] INFO  Pauza 2s po S02...
[+0008265ms] INFO  [USB@po S02] lsusb: Bus 001 Device 119: ID 04a9:32e2 Canon, Inc. Canon Digital Camera
[+0008313ms] INFO  [USB@po S02] gp.detect (18.5ms): 1 aparat(ów) → Canon EOS RP

────────────────────────────────────────────────────────────────
  START S03
────────────────────────────────────────────────────────────────

────────────────────────────────────────────────────────────────
  S03 — focusmode: dostępność przed LV i podczas LV
────────────────────────────────────────────────────────────────
[+0008314ms] INFO  connect: start
[+0008361ms] TIME    detect: 47.1ms
[+0008361ms] INFO    wykryto: "Canon EOS RP" @ usb:001,119
[+0008363ms] TIME    set_abilities+port_info: 2.2ms
[+0008380ms] TIME    camera.init(): 16.4ms
[+0008380ms] OK    connect OK
[+0008380ms] INFO  --- Stan 1: zaraz po init(), BEZ capture_preview ---
[+0008474ms] INFO    autoexposuremode: value="Fv"  choices=['P', 'TV', 'AV', 'Manual', 'Bulb', 'A_DEP', 'DEP', 'Custom', 'Lock', 'Green', 'Night Portrait', 'Sports', 'Portrait', 'Landscape', 'Closeup', 'Flash Off', 'C2', 'C3', 'Creative Auto', 'Movie', 'Auto', 'Handheld Night Scene', 'HDR Backlight Control', 'SCN', 'Food', 'Grainy B/W', 'Soft focus', 'Toy camera effect', 'Fish-eye effect', 'Water painting effect', 'Miniature effect', 'HDR art standard', 'HDR art vivid', 'HDR art bold', 'HDR art embossed', 'Panning', 'HDR', 'Self Portrait', 'Hybrid Auto', 'Smooth skin', 'Fv']
[+0008475ms] INFO    focusmode: value="One Shot"  choices=['One Shot']
[+0008479ms] INFO    afmethod: value="LiveFace"  choices=['LiveFace', 'LiveSpotAF', 'Live', 'LiveSingleExpandCross', 'LiveSingleExpandSurround', 'LiveZone']
[+0008480ms] INFO    continuousaf: value="On"  choices=['Off', 'On']
[+0008480ms] INFO  --- Warmup: 5 klatek ---
[+0010101ms] INFO  --- Stan 2: po 5 klatkach LV ---
[+0010125ms] INFO    autoexposuremode: value="Fv"  choices=['P', 'TV', 'AV', 'Manual', 'Bulb', 'A_DEP', 'DEP', 'Custom', 'Lock', 'Green', 'Night Portrait', 'Sports', 'Portrait', 'Landscape', 'Closeup', 'Flash Off', 'C2', 'C3', 'Creative Auto', 'Movie', 'Auto', 'Handheld Night Scene', 'HDR Backlight Control', 'SCN', 'Food', 'Grainy B/W', 'Soft focus', 'Toy camera effect', 'Fish-eye effect', 'Water painting effect', 'Miniature effect', 'HDR art standard', 'HDR art vivid', 'HDR art bold', 'HDR art embossed', 'Panning', 'HDR', 'Self Portrait', 'Hybrid Auto', 'Smooth skin', 'Fv']
[+0010128ms] INFO    focusmode: value="One Shot"  choices=['One Shot']
[+0010128ms] WARN    !! focusmode ma 1 opcję(e) — powinno być 2+
[+0010129ms] INFO    afmethod: value="LiveFace"  choices=['LiveFace', 'LiveSpotAF', 'Live', 'LiveSingleExpandCross', 'LiveSingleExpandSurround', 'LiveZone']
[+0010130ms] INFO    continuousaf: value="On"  choices=['Off', 'On']
[+0010131ms] INFO  --- Warmup: 30 klatek ciągłych ---
[+0011932ms] INFO  --- Stan 3: po 35 klatkach LV ---
[+0011936ms] INFO    focusmode: value="One Shot"  choices=['One Shot']
[+0011938ms] INFO    afmethod: value="LiveFace"  choices=['LiveFace', 'LiveSpotAF', 'Live', 'LiveSingleExpandCross', 'LiveSingleExpandSurround', 'LiveZone']
[+0011939ms] INFO    continuousaf: value="On"  choices=['Off', 'On']
[+0011940ms] INFO  safe_exit...
[+0012070ms] TIME    camera.exit(): 130.5ms
[+0012070ms] OK    safe_exit OK
[+0012070ms] TIME  S03 total: 3756.8ms
[+0012070ms] INFO  Pauza 2s po S03...
[+0014079ms] INFO  [USB@po S03] lsusb: Bus 001 Device 119: ID 04a9:32e2 Canon, Inc. Canon Digital Camera
[+0014123ms] INFO  [USB@po S03] gp.detect (16.1ms): 1 aparat(ów) → Canon EOS RP

────────────────────────────────────────────────────────────────
  START S04
────────────────────────────────────────────────────────────────

────────────────────────────────────────────────────────────────
  S04 — LV warmup: timing pierwszych 30 klatek
────────────────────────────────────────────────────────────────
[+0014123ms] INFO  connect: start
[+0014170ms] TIME    detect: 47.3ms
[+0014170ms] INFO    wykryto: "Canon EOS RP" @ usb:001,119
[+0014173ms] TIME    set_abilities+port_info: 2.4ms
[+0014196ms] TIME    camera.init(): 23.5ms
[+0014196ms] OK    connect OK
[+0017186ms] INFO  Warmup: 30 OK / 0 FAIL
[+0017186ms] TIME  warmup klatki avg: 16.2ms
[+0017186ms] TIME  warmup klatki max: 194.6ms
[+0017186ms] TIME  warmup klatki min: 6.2ms
[+0017186ms] INFO  safe_exit...
[+0017315ms] TIME    camera.exit(): 129.0ms
[+0017315ms] OK    safe_exit OK
[+0017315ms] TIME  S04 total: 3192.6ms
[+0017315ms] INFO  Pauza 2s po S04...
[+0019324ms] INFO  [USB@po S04] lsusb: Bus 001 Device 119: ID 04a9:32e2 Canon, Inc. Canon Digital Camera
[+0019379ms] INFO  [USB@po S04] gp.detect (20.3ms): 1 aparat(ów) → Canon EOS RP

────────────────────────────────────────────────────────────────
  START S05
────────────────────────────────────────────────────────────────

────────────────────────────────────────────────────────────────
  S05 — LV steady state: 30s pętla
────────────────────────────────────────────────────────────────
[+0019380ms] INFO  connect: start
[+0019433ms] TIME    detect: 52.7ms
[+0019433ms] INFO    wykryto: "Canon EOS RP" @ usb:001,119
[+0019436ms] TIME    set_abilities+port_info: 3.1ms
[+0019457ms] TIME    camera.init(): 20.9ms
[+0019458ms] OK    connect OK
[+0020458ms] INFO  Warmup 10 klatek...
[+0021209ms] TIME  warmup avg: 25.1ms
[+0021210ms] TIME  warmup max: 166.0ms
[+0021210ms] TIME  warmup min: 7.0ms
[+0021210ms] INFO  Główna pętla 30s...
[+0051269ms] INFO  Wyniki S05:  frames_ok=466  frames_fail=0  fps=15.50
[+0051269ms] TIME    frame avg: 14.4ms
[+0051270ms] TIME    frame max: 30.6ms
[+0051270ms] INFO  safe_exit...
[+0051399ms] TIME    camera.exit(): 129.7ms
[+0051399ms] OK    safe_exit OK
[+0051400ms] TIME  S05 total: 32020.0ms
[+0051400ms] INFO  Pauza 2s po S05...
[+0053408ms] INFO  [USB@po S05] lsusb: Bus 001 Device 119: ID 04a9:32e2 Canon, Inc. Canon Digital Camera
[+0053451ms] INFO  [USB@po S05] gp.detect (14.7ms): 1 aparat(ów) → Canon EOS RP

────────────────────────────────────────────────────────────────
  START S06
────────────────────────────────────────────────────────────────

────────────────────────────────────────────────────────────────
  S06 — wait_for_event: bez vs z (po 30 klatek każdy)
────────────────────────────────────────────────────────────────
[+0053451ms] INFO  connect: start
[+0053502ms] TIME    detect: 51.0ms
[+0053502ms] INFO    wykryto: "Canon EOS RP" @ usb:001,119
[+0053504ms] TIME    set_abilities+port_info: 2.1ms
[+0053532ms] TIME    camera.init(): 28.1ms
[+0053533ms] OK    connect OK
[+0054533ms] INFO  === A: tylko capture_preview, BEZ wait_for_event (30 klatek) ===
[+0056498ms] INFO  A: 30 OK / 0 FAIL
[+0056498ms] TIME  A avg: 15.4ms
[+0056503ms] TIME  A max: 200.6ms
[+0056503ms] TIME  A min: 5.9ms
[+0056504ms] INFO  === B: capture_preview + wait_for_event(10ms) (30 klatek) ===
[+0058307ms] INFO  B: 30 OK / 0 FAIL
[+0058307ms] TIME  B avg: 10.0ms
[+0058307ms] TIME  B max: 17.7ms
[+0058307ms] TIME  B min: 6.3ms
[+0058307ms] INFO  wait_for_event overhead avg: -5.4ms
[+0058307ms] INFO  safe_exit...
[+0058444ms] TIME    camera.exit(): 137.3ms
[+0058444ms] OK    safe_exit OK
[+0058444ms] TIME  S06 total: 4993.5ms
[+0058444ms] INFO  Pauza 2s po S06...
[+0060453ms] INFO  [USB@po S06] lsusb: Bus 001 Device 119: ID 04a9:32e2 Canon, Inc. Canon Digital Camera
[+0060498ms] INFO  [USB@po S06] gp.detect (14.9ms): 1 aparat(ów) → Canon EOS RP

────────────────────────────────────────────────────────────────
  START S07
────────────────────────────────────────────────────────────────

────────────────────────────────────────────────────────────────
  S07 — get_config podczas LV: koliduje?
────────────────────────────────────────────────────────────────
[+0060498ms] INFO  connect: start
[+0060546ms] TIME    detect: 47.6ms
[+0060546ms] INFO    wykryto: "Canon EOS RP" @ usb:001,119
[+0060548ms] TIME    set_abilities+port_info: 2.3ms
[+0060574ms] TIME    camera.init(): 25.8ms
[+0060574ms] OK    connect OK
[+0062392ms] INFO      focusmode="One Shot"
[+0062393ms] INFO      whitebalance="Color Temperature"
[+0062393ms] INFO      iso="Auto"
[+0062509ms] INFO      focusmode="One Shot"
[+0062510ms] INFO      whitebalance="Color Temperature"
[+0062510ms] INFO      iso="Auto"
[+0062627ms] INFO      focusmode="One Shot"
[+0062627ms] INFO      whitebalance="Color Temperature"
[+0062627ms] INFO      iso="Auto"
[+0062742ms] INFO      focusmode="One Shot"
[+0062743ms] INFO      whitebalance="Color Temperature"
[+0062743ms] INFO      iso="Auto"
[+0062860ms] INFO      focusmode="One Shot"
[+0062860ms] INFO      whitebalance="Color Temperature"
[+0062860ms] INFO      iso="Auto"
[+0062976ms] INFO      focusmode="One Shot"
[+0062976ms] INFO      whitebalance="Color Temperature"
[+0062976ms] INFO      iso="Auto"
[+0063102ms] INFO      focusmode="One Shot"
[+0063102ms] INFO      whitebalance="Color Temperature"
[+0063102ms] INFO      iso="Auto"
[+0063219ms] INFO      focusmode="One Shot"
[+0063219ms] INFO      whitebalance="Color Temperature"
[+0063219ms] INFO      iso="Auto"
[+0063341ms] INFO      focusmode="One Shot"
[+0063342ms] INFO      whitebalance="Color Temperature"
[+0063342ms] INFO      iso="Auto"
[+0063461ms] INFO      focusmode="One Shot"
[+0063461ms] INFO      whitebalance="Color Temperature"
[+0063462ms] INFO      iso="Auto"
[+0063568ms] TIME  get_config() avg: 2.2ms
[+0063568ms] TIME  get_config() max: 12.8ms
[+0063568ms] TIME  get_config() min: 0.8ms
[+0063569ms] INFO  safe_exit...
[+0063698ms] TIME    camera.exit(): 129.6ms
[+0063698ms] OK    safe_exit OK
[+0063698ms] TIME  S07 total: 3200.3ms
[+0063698ms] INFO  Pauza 2s po S07...
[+0065707ms] INFO  [USB@po S07] lsusb: Bus 001 Device 119: ID 04a9:32e2 Canon, Inc. Canon Digital Camera
[+0065751ms] INFO  [USB@po S07] gp.detect (16.3ms): 1 aparat(ów) → Canon EOS RP

────────────────────────────────────────────────────────────────
  START S08
────────────────────────────────────────────────────────────────

────────────────────────────────────────────────────────────────
  S08 — set_config (WB) podczas LV: timing + stabilność po update
────────────────────────────────────────────────────────────────
[+0065751ms] INFO  connect: start
[+0065801ms] TIME    detect: 50.0ms
[+0065801ms] INFO    wykryto: "Canon EOS RP" @ usb:001,119
[+0065803ms] TIME    set_abilities+port_info: 1.9ms
[+0065828ms] TIME    camera.init(): 24.7ms
[+0065828ms] OK    connect OK
[+0067596ms] INFO    whitebalance: value="Color Temperature"  choices=['Auto', 'AWB White', 'Daylight', 'Shadow', 'Cloudy', 'Tungsten', 'Fluorescent', 'Flash', 'Manual', 'Color Temperature']
[+0067596ms] INFO  Przełączam WB: Auto ↔ AWB White (8 cykli)
[+0067608ms] TIME    [1] set_config WB=Auto: 5.9ms
[+0067622ms] TIME    [1] recovery preview: 13.9ms
[+0067757ms] TIME    [2] set_config WB=AWB White: 10.1ms
[+0067764ms] TIME    [2] recovery preview: 6.6ms
[+0067892ms] TIME    [3] set_config WB=Auto: 9.6ms
[+0067902ms] TIME    [3] recovery preview: 9.4ms
[+0068029ms] TIME    [4] set_config WB=AWB White: 6.4ms
[+0068036ms] TIME    [4] recovery preview: 6.2ms
[+0068167ms] TIME    [5] set_config WB=Auto: 11.1ms
[+0068174ms] TIME    [5] recovery preview: 7.0ms
[+0068315ms] TIME    [6] set_config WB=AWB White: 17.5ms
[+0068324ms] TIME    [6] recovery preview: 9.0ms
[+0068452ms] TIME    [7] set_config WB=Auto: 11.1ms
[+0068462ms] TIME    [7] recovery preview: 10.3ms
[+0068591ms] TIME    [8] set_config WB=AWB White: 9.7ms
[+0068598ms] TIME    [8] recovery preview: 6.8ms
[+0068706ms] TIME  set_config WB avg: 10.2ms
[+0068706ms] TIME  set_config WB max: 17.5ms
[+0068706ms] TIME  set_config WB min: 5.9ms
[+0068717ms] OK    WB przywrócony: "Color Temperature"
[+0068717ms] INFO  safe_exit...
[+0068849ms] TIME    camera.exit(): 131.7ms
[+0068849ms] OK    safe_exit OK
[+0068849ms] TIME  S08 total: 3098.2ms
[+0068849ms] INFO  Pauza 2s po S08...
[+0070858ms] INFO  [USB@po S08] lsusb: Bus 001 Device 119: ID 04a9:32e2 Canon, Inc. Canon Digital Camera
[+0070905ms] INFO  [USB@po S08] gp.detect (17.2ms): 1 aparat(ów) → Canon EOS RP

────────────────────────────────────────────────────────────────
  START S09
────────────────────────────────────────────────────────────────

────────────────────────────────────────────────────────────────
  S09 — Capture OK: pełny flow z timingiem każdego kroku
────────────────────────────────────────────────────────────────
[+0070905ms] INFO  connect: start
[+0070953ms] TIME    detect: 48.1ms
[+0070953ms] INFO    wykryto: "Canon EOS RP" @ usb:001,119
[+0070955ms] TIME    set_abilities+port_info: 1.8ms
[+0070980ms] TIME    camera.init(): 24.3ms
[+0070980ms] OK    connect OK
[+0071980ms] INFO  Warmup 10 klatek...
[+0072744ms] INFO  --- capturetarget ---
[+0072752ms] INFO    current="Memory card"  choices=['Internal RAM', 'Memory card']
[+0072752ms] OK      już "Memory card"
[+0072752ms] INFO  --- camera.capture() ---
[+0074559ms] TIME    camera.capture(): 1806.0ms
[+0074559ms] OK      /store_00020001/DCIM/100CANON/IMG_3774.JPG
[+0074559ms] INFO  --- file_get ---
[+0074675ms] TIME    file_get(): 115.8ms
[+0074675ms] INFO  --- save na dysk ---
[+0074677ms] TIME    cf.save(): 1.8ms
[+0074677ms] OK      /tmp/stress_captures/20260220_014316_IMG_3774.JPG  (2501KB)
[+0074677ms] INFO  --- file_delete z aparatu ---
[+0074701ms] TIME    file_delete(): 23.8ms
[+0074701ms] OK      usunięto z aparatu
[+0074701ms] INFO  --- LV recovery po capture ---
[+0077024ms] TIME    LV recovery (attempt 1): 2023.4ms
[+0077025ms] OK      LV wrócił po 1 próbach
[+0077025ms] INFO  --- 10 klatek po capture ---
[+0077616ms] INFO  safe_exit...
[+0077757ms] TIME    camera.exit(): 141.5ms
[+0077757ms] OK    safe_exit OK
[+0077758ms] TIME  S09 total: 6852.7ms
[+0077758ms] INFO  Pauza 2s po S09...
[+0079766ms] INFO  [USB@po S09] lsusb: Bus 001 Device 119: ID 04a9:32e2 Canon, Inc. Canon Digital Camera
[+0079811ms] INFO  [USB@po S09] gp.detect (17.4ms): 1 aparat(ów) → Canon EOS RP

────────────────────────────────────────────────────────────────
  START S10
────────────────────────────────────────────────────────────────

────────────────────────────────────────────────────────────────
  S10 — Capture TIMEOUT (-110): co się dzieje z USB po timeoucie?
────────────────────────────────────────────────────────────────
[+0079811ms] WARN  Wymagane: obiektyw w MF lub cap — AF nie może złapać fokusa.
[+0091085ms] INFO  connect: start
[+0091135ms] TIME    detect: 49.3ms
[+0091135ms] INFO    wykryto: "Canon EOS RP" @ usb:001,119
[+0091137ms] TIME    set_abilities+port_info: 1.8ms
[+0091155ms] TIME    camera.init(): 18.4ms
[+0091155ms] OK    connect OK
[+0092912ms] OK    capturetarget → "Memory card"
[+0092913ms] INFO  --- Klatka PRZED capture ---
[+0092934ms] INFO  [USB@przed capture] lsusb: Bus 001 Device 119: ID 04a9:32e2 Canon, Inc. Canon Digital Camera
[+0092976ms] INFO  [USB@przed capture] gp.detect (17.1ms): 1 aparat(ów) → Canon EOS RP
[+0092977ms] INFO  --- camera.capture() — oczekujemy -110 ---
[+0094014ms] WARN    Capture SUCCEEDED w 1037.7ms — zdjęcie zrobione
[+0094014ms] WARN    S10 wymaga nieudanego capture. Załóż cap lub ustaw MF.
[+0094028ms] INFO  safe_exit...
[+0094122ms] TIME    camera.exit(): 94.2ms
[+0094122ms] OK    safe_exit OK
[+0094123ms] TIME  S10 total: 14311.7ms
[+0094123ms] INFO  Pauza 2s po S10...
[+0096131ms] INFO  [USB@po S10] lsusb: Bus 001 Device 119: ID 04a9:32e2 Canon, Inc. Canon Digital Camera
[+0096173ms] INFO  [USB@po S10] gp.detect (13.9ms): 1 aparat(ów) → Canon EOS RP

────────────────────────────────────────────────────────────────
  START S11
────────────────────────────────────────────────────────────────

────────────────────────────────────────────────────────────────
  S11 — Replikacja kaskady: -110 → -1 → -52 × N
────────────────────────────────────────────────────────────────
[+0096173ms] WARN  Replikuje dokładną sekwencję z logów aplikacji.
[+0096173ms] WARN  Wymagane: obiektyw MF lub cap (capture musi dostać -110).
[+0102147ms] INFO  connect: start
[+0102201ms] TIME    detect: 54.1ms
[+0102202ms] INFO    wykryto: "Canon EOS RP" @ usb:001,119
[+0102204ms] TIME    set_abilities+port_info: 1.9ms
[+0102214ms] TIME    camera.init(): 10.7ms
[+0102215ms] OK    connect OK
[+0103215ms] INFO  Normalna pętla LV (5 klatek):
[+0106270ms] ERROR [lv-1] FAIL  code=-1 GP_ERROR  3054.7ms
[+0109326ms] ERROR [lv-2] FAIL  code=-1 GP_ERROR  3006.0ms
[+0112383ms] ERROR [lv-3] FAIL  code=-1 GP_ERROR  3006.7ms
[+0115439ms] ERROR [lv-4] FAIL  code=-1 GP_ERROR  3005.6ms
[+0118497ms] ERROR [lv-5] FAIL  code=-1 GP_ERROR  3007.8ms
[+0118555ms] INFO  --- CAPTURE (oczekujemy -110) ---
[+0119926ms] WARN  Capture się udał — S11 wymaga timeoutu. Ustaw MF/cap.
[+0119926ms] INFO  safe_exit...
[+0120009ms] TIME    camera.exit(): 82.6ms
[+0120009ms] OK    safe_exit OK
[+0120009ms] TIME  S11 total: 23836.7ms
[+0120009ms] INFO  Pauza 2s po S11...
[+0122018ms] INFO  [USB@po S11] lsusb: Bus 001 Device 119: ID 04a9:32e2 Canon, Inc. Canon Digital Camera
[+0122061ms] INFO  [USB@po S11] gp.detect (14.7ms): 1 aparat(ów) → Canon EOS RP

────────────────────────────────────────────────────────────────
  START S12
────────────────────────────────────────────────────────────────

────────────────────────────────────────────────────────────────
  S12 — exit() timing + okno reconnect
────────────────────────────────────────────────────────────────
[+0122061ms] INFO  connect: start
[+0122110ms] TIME    detect: 48.4ms
[+0122110ms] INFO    wykryto: "Canon EOS RP" @ usb:001,119
[+0122112ms] TIME    set_abilities+port_info: 1.8ms
[+0122122ms] TIME    camera.init(): 9.7ms
[+0122122ms] OK    connect OK
[+0123122ms] INFO  Warmup 10 klatek...
[+0126172ms] ERROR FAIL  code=-1 GP_ERROR  3049.9ms
[+0129230ms] ERROR FAIL  code=-1 GP_ERROR  3007.6ms
[+0132286ms] ERROR FAIL  code=-1 GP_ERROR  3005.7ms
[+0135341ms] ERROR FAIL  code=-1 GP_ERROR  3005.3ms
[+0138399ms] ERROR FAIL  code=-1 GP_ERROR  3007.1ms
[+0141454ms] ERROR FAIL  code=-1 GP_ERROR  3005.4ms
[+0144513ms] ERROR FAIL  code=-1 GP_ERROR  3008.4ms
[+0147571ms] ERROR FAIL  code=-1 GP_ERROR  3008.5ms
[+0150628ms] ERROR FAIL  code=-1 GP_ERROR  3006.3ms
[+0153684ms] ERROR FAIL  code=-1 GP_ERROR  3005.4ms
[+0153734ms] INFO  --- camera.exit() ---
[+0153734ms] INFO  safe_exit...
[+0153969ms] TIME    camera.exit(): 235.1ms
[+0153969ms] OK    safe_exit OK
[+0153969ms] TIME  exit() total: 235.4ms
[+0153978ms] INFO  [USB@natychmiast po exit] lsusb: Bus 001 Device 119: ID 04a9:32e2 Canon, Inc. Canon Digital Camera
[+0154023ms] INFO  [USB@natychmiast po exit] gp.detect (14.5ms): 1 aparat(ów) → Canon EOS RP
[+0154024ms] INFO  --- Próby reconnect w różnych odstępach od exit() ---
[+0154035ms] INFO  [USB@0ms] lsusb: Bus 001 Device 119: ID 04a9:32e2 Canon, Inc. Canon Digital Camera
[+0154081ms] INFO  [USB@0ms] gp.detect (15.3ms): 1 aparat(ów) → Canon EOS RP
[+0154081ms] INFO  connect: start
[+0154127ms] TIME    detect: 45.5ms
[+0154127ms] INFO    wykryto: "Canon EOS RP" @ usb:001,119
[+0154129ms] TIME    set_abilities+port_info: 1.7ms
[+0154150ms] TIME    camera.init(): 21.0ms
[+0154150ms] OK    connect OK
[+0154150ms] TIME    RECONNECT SUCCESS po 0ms od exit: 68.7ms
[+0154150ms] OK      Minimalny czas po exit(): 0ms
[+0154150ms] INFO  safe_exit...
[+0154178ms] TIME    camera.exit(): 27.8ms
[+0154178ms] OK    safe_exit OK
[+0154178ms] TIME  S12 total: 32117.0ms
[+0154178ms] INFO  Pauza 2s po S12...
[+0156187ms] INFO  [USB@po S12] lsusb: Bus 001 Device 119: ID 04a9:32e2 Canon, Inc. Canon Digital Camera
[+0156231ms] INFO  [USB@po S12] gp.detect (16.4ms): 1 aparat(ów) → Canon EOS RP

────────────────────────────────────────────────────────────────
  PODSUMOWANIE
────────────────────────────────────────────────────────────────
[+0156231ms] INFO    ✓ S01: OK
[+0156231ms] INFO    ✓ S02: OK
[+0156231ms] INFO    ✓ S03: OK
[+0156231ms] INFO    ✓ S04: OK
[+0156231ms] INFO    ✓ S05: OK
[+0156231ms] INFO    ✓ S06: OK
[+0156231ms] INFO    ✓ S07: OK
[+0156231ms] INFO    ✓ S08: OK
[+0156231ms] INFO    ✓ S09: OK
[+0156232ms] INFO    ✓ S10: OK
[+0156232ms] INFO    ✓ S11: OK
[+0156232ms] INFO    ✓ S12: OK
[+0156232ms] INFO  
Log: stress_20260220_014201.log
